=/pretest.json
{
  _: [],
  f: [
    '/home/runner/work/exp-basic-concept-principles-and-multidisciplinary-features-of-virtual-reality-iitk/exp-basic-concept-principles-and-multidisciplinary-features-of-virtual-reality-iitk/experiment/pretest.json'
  ],
  files: [
    '/home/runner/work/exp-basic-concept-principles-and-multidisciplinary-features-of-virtual-reality-iitk/exp-basic-concept-principles-and-multidisciplinary-features-of-virtual-reality-iitk/experiment/pretest.json'
  ],
  c: 'assessment',
  contentTypes: 'assessment',
  'content-types': 'assessment',
  '$0': 'validate'
}
Validated true
=/posttest.json
{
  _: [],
  f: [
    '/home/runner/work/exp-basic-concept-principles-and-multidisciplinary-features-of-virtual-reality-iitk/exp-basic-concept-principles-and-multidisciplinary-features-of-virtual-reality-iitk/experiment/posttest.json'
  ],
  files: [
    '/home/runner/work/exp-basic-concept-principles-and-multidisciplinary-features-of-virtual-reality-iitk/exp-basic-concept-principles-and-multidisciplinary-features-of-virtual-reality-iitk/experiment/posttest.json'
  ],
  c: 'assessment',
  contentTypes: 'assessment',
  'content-types': 'assessment',
  '$0': 'validate'
}
Validated true
